{
  "ts": 1642050037.554967,
  "uid": "CwquL61RwffEhlI1H8",
  "id.orig_h": "107.236.60.30",
  "id.orig_p": 51944,
  "id.resp_h": "202.25.111.30",
  "id.resp_p": 22,
  "proto": "tcp",
  "duration": 3.982302188873291,
  "orig_bytes": 168,
  "resp_bytes": 0,
  "conn_state": "RSTR",
  "local_orig": false,
  "local_resp": false,
  "missed_bytes": 0,
  "history": "ShrADT",
  "orig_pkts": 7,
  "orig_ip_bytes": 1140,
  "resp_pkts": 2,
  "resp_ip_bytes": 104
}
{
  "ts": 1642050057.814145,
  "uid": "CurDS73YhUyW3gJ6Bb",
  "id.orig_h": "141.82.115.87",
  "id.orig_p": 60882,
  "id.resp_h": "202.25.110.114",
  "id.resp_p": 22,
  "proto": "tcp",
  "duration": 0.8763649463653564,
  "orig_bytes": 671,
  "resp_bytes": 3935655885,
  "conn_state": "RSTR",
  "local_orig": false,
  "local_resp": false,
  "missed_bytes": 23,
  "history": "ShADaGdrfF",
  "orig_pkts": 8,
  "orig_ip_bytes": 1095,
  "resp_pkts": 9,
  "resp_ip_bytes": 1573
}
{
  "ts": 1642050068.200365,
  "uid": "CGnKp24STf43c03nq7",
  "id.orig_h": "45.241.34.192",
  "id.orig_p": 43620,
  "id.resp_h": "202.25.111.184",
  "id.resp_p": 22,
  "proto": "tcp",
  "duration": 4.335935831069946,
  "orig_bytes": 224,
  "resp_bytes": 0,
  "conn_state": "RSTR",
  "local_orig": false,
  "local_resp": false,
  "missed_bytes": 0,
  "history": "ShrADT",
  "orig_pkts": 6,
  "orig_ip_bytes": 1156,
  "resp_pkts": 2,
  "resp_ip_bytes": 104
}
{
  "ts": 1642050080.887549,
  "uid": "C1iyhL2zdS71d6lODj",
  "id.orig_h": "128.9.193.45",
  "id.orig_p": 33952,
  "id.resp_h": "202.25.106.120",
  "id.resp_p": 22,
  "proto": "tcp",
  "duration": 4.447195053100586,
  "orig_bytes": 223,
  "resp_bytes": 0,
  "conn_state": "RSTR",
  "local_orig": false,
  "local_resp": false,
  "missed_bytes": 0,
  "history": "ShrADT",
  "orig_pkts": 6,
  "orig_ip_bytes": 1152,
  "resp_pkts": 2,
  "resp_ip_bytes": 104
}
{
  "ts": 1642050105.257956,
  "uid": "CNVXH33Se0EOfpt8z9",
  "id.orig_h": "107.236.60.30",
  "id.orig_p": 64408,
  "id.resp_h": "202.25.111.30",
  "id.resp_p": 22,
  "proto": "tcp",
  "duration": 3.8633439540863037,
  "orig_bytes": 223,
  "resp_bytes": 0,
  "conn_state": "RSTR",
  "local_orig": false,
  "local_resp": false,
  "missed_bytes": 0,
  "history": "ShrADT",
  "orig_pkts": 7,
  "orig_ip_bytes": 1415,
  "resp_pkts": 2,
  "resp_ip_bytes": 104
}
{
  "ts": 1642050108.975881,
  "uid": "CWsueb4KZdCFNSXsB5",
  "id.orig_h": "107.236.60.57",
  "id.orig_p": 51094,
  "id.resp_h": "202.25.110.16",
  "id.resp_p": 22,
  "proto": "tcp",
  "duration": 3.4466259479522705,
  "orig_bytes": 243,
  "resp_bytes": 0,
  "conn_state": "RSTR",
  "local_orig": false,
  "local_resp": false,
  "missed_bytes": 0,
  "history": "ShrADT",
  "orig_pkts": 7,
  "orig_ip_bytes": 1515,
  "resp_pkts": 2,
  "resp_ip_bytes": 104
}
{
  "ts": 1642050109.363526,
  "uid": "COQ8hE41OroWZWINO3",
  "id.orig_h": "45.241.34.192",
  "id.orig_p": 60926,
  "id.resp_h": "202.25.111.184",
  "id.resp_p": 22,
  "proto": "tcp",
  "duration": 3.997548818588257,
  "orig_bytes": 224,
  "resp_bytes": 0,
  "conn_state": "RSTR",
  "local_orig": false,
  "local_resp": false,
  "missed_bytes": 0,
  "history": "ShrADT",
  "orig_pkts": 6,
  "orig_ip_bytes": 1156,
  "resp_pkts": 2,
  "resp_ip_bytes": 104
}
{
  "ts": 1642050114.436472,
  "uid": "CqHQ674c98P1Bc2gKd",
  "id.orig_h": "172.134.28.215",
  "id.orig_p": 15300,
  "id.resp_h": "202.25.110.53",
  "id.resp_p": 22,
  "proto": "tcp",
  "duration": 2.712114095687866,
  "orig_bytes": 223,
  "resp_bytes": 0,
  "conn_state": "RSTR",
  "local_orig": false,
  "local_resp": false,
  "missed_bytes": 0,
  "history": "ShrADT",
  "orig_pkts": 6,
  "orig_ip_bytes": 1152,
  "resp_pkts": 2,
  "resp_ip_bytes": 104
}
{
  "ts": 1642050164.457559,
  "uid": "C0Udvw2NcZQheEc6Q8",
  "id.orig_h": "106.138.89.63",
  "id.orig_p": 14714,
  "id.resp_h": "202.25.106.200",
  "id.resp_p": 22,
  "proto": "tcp",
  "duration": 3.363970994949341,
  "orig_bytes": 243,
  "resp_bytes": 0,
  "conn_state": "RSTR",
  "local_orig": false,
  "local_resp": false,
  "missed_bytes": 0,
  "history": "ShrADT",
  "orig_pkts": 7,
  "orig_ip_bytes": 1515,
  "resp_pkts": 2,
  "resp_ip_bytes": 104
}
{
  "ts": 1642050178.179695,
  "uid": "CHLxaT22sgtE574WX2",
  "id.orig_h": "106.138.89.63",
  "id.orig_p": 42848,
  "id.resp_h": "202.25.106.214",
  "id.resp_p": 22,
  "proto": "tcp",
  "duration": 3.436141014099121,
  "orig_bytes": 243,
  "resp_bytes": 0,
  "conn_state": "RSTR",
  "local_orig": false,
  "local_resp": false,
  "missed_bytes": 0,
  "history": "ShrADT",
  "orig_pkts": 7,
  "orig_ip_bytes": 1515,
  "resp_pkts": 2,
  "resp_ip_bytes": 104
}
{
  "ts": 1642050204.554901,
  "uid": "CxSvsR3adQbM4MmUr5",
  "id.orig_h": "107.236.60.57",
  "id.orig_p": 22670,
  "id.resp_h": "202.25.106.175",
  "id.resp_p": 22,
  "proto": "tcp",
  "duration": 3.4326372146606445,
  "orig_bytes": 243,
  "resp_bytes": 0,
  "conn_state": "RSTR",
  "local_orig": false,
  "local_resp": false,
  "missed_bytes": 0,
  "history": "ShrADT",
  "orig_pkts": 6,
  "orig_ip_bytes": 1232,
  "resp_pkts": 2,
  "resp_ip_bytes": 104
}
{
  "ts": 1642050215.866084,
  "uid": "CvT6794CzTYeMNahj8",
  "id.orig_h": "128.9.201.242",
  "id.orig_p": 60664,
  "id.resp_h": "202.25.106.215",
  "id.resp_p": 22,
  "proto": "tcp",
  "duration": 4.492345809936523,
  "orig_bytes": 223,
  "resp_bytes": 0,
  "conn_state": "RSTR",
  "local_orig": false,
  "local_resp": false,
  "missed_bytes": 0,
  "history": "ShrADT",
  "orig_pkts": 6,
  "orig_ip_bytes": 1152,
  "resp_pkts": 2,
  "resp_ip_bytes": 104
}
{
  "ts": 1642050288.541055,
  "uid": "CYQROr3QN2ax8UNHja",
  "id.orig_h": "49.88.79.130",
  "id.orig_p": 46505,
  "id.resp_h": "203.170.143.114",
  "id.resp_p": 22,
  "proto": "tcp",
  "duration": 1.9242911338806152,
  "orig_bytes": 1039,
  "resp_bytes": 240,
  "conn_state": "RSTR",
  "local_orig": false,
  "local_resp": false,
  "missed_bytes": 0,
  "history": "ShrADadfFT",
  "orig_pkts": 8,
  "orig_ip_bytes": 1399,
  "resp_pkts": 11,
  "resp_ip_bytes": 692
}
{
  "ts": 1642050290.949801,
  "uid": "CLJt6Z3kl6ec0WcMg5",
  "id.orig_h": "107.236.60.57",
  "id.orig_p": 30758,
  "id.resp_h": "202.25.110.16",
  "id.resp_p": 22,
  "proto": "tcp",
  "duration": 3.693578004837036,
  "orig_bytes": 223,
  "resp_bytes": 0,
  "conn_state": "RSTR",
  "local_orig": false,
  "local_resp": false,
  "missed_bytes": 0,
  "history": "ShrADT",
  "orig_pkts": 7,
  "orig_ip_bytes": 1415,
  "resp_pkts": 2,
  "resp_ip_bytes": 104
}
{
  "ts": 1642050353.414718,
  "uid": "Csb7tB2XZmphZYdHp8",
  "id.orig_h": "106.138.252.88",
  "id.orig_p": 49158,
  "id.resp_h": "202.25.106.159",
  "id.resp_p": 22,
  "proto": "tcp",
  "duration": 4.599961042404175,
  "orig_bytes": 243,
  "resp_bytes": 0,
  "conn_state": "RSTR",
  "local_orig": false,
  "local_resp": false,
  "missed_bytes": 0,
  "history": "ShrADT",
  "orig_pkts": 7,
  "orig_ip_bytes": 1515,
  "resp_pkts": 2,
  "resp_ip_bytes": 104
}
{
  "ts": 1642050358.315218,
  "uid": "CDUyam1IMbLDIMjrGk",
  "id.orig_h": "107.236.60.57",
  "id.orig_p": 42744,
  "id.resp_h": "202.25.110.16",
  "id.resp_p": 22,
  "proto": "tcp",
  "duration": 5.064297914505005,
  "orig_bytes": 175,
  "resp_bytes": 0,
  "conn_state": "RSTR",
  "local_orig": false,
  "local_resp": false,
  "missed_bytes": 0,
  "history": "ShrADT",
  "orig_pkts": 7,
  "orig_ip_bytes": 1175,
  "resp_pkts": 2,
  "resp_ip_bytes": 104
}
{
  "ts": 1642050363.450389,
  "uid": "CxdXMj3x6wfOBEBui9",
  "id.orig_h": "23.1.125.42",
  "id.orig_p": 4893,
  "id.resp_h": "202.25.111.75",
  "id.resp_p": 22,
  "proto": "tcp",
  "duration": 3.4203591346740723,
  "orig_bytes": 225,
  "resp_bytes": 0,
  "conn_state": "RSTR",
  "local_orig": false,
  "local_resp": false,
  "missed_bytes": 0,
  "history": "ShrADT",
  "orig_pkts": 7,
  "orig_ip_bytes": 1425,
  "resp_pkts": 2,
  "resp_ip_bytes": 104
}
{
  "ts": 1642050385.750394,
  "uid": "CHoq352hIVe4vE97Oe",
  "id.orig_h": "107.236.60.57",
  "id.orig_p": 55530,
  "id.resp_h": "202.25.106.175",
  "id.resp_p": 22,
  "proto": "tcp",
  "duration": 3.152387857437134,
  "orig_bytes": 223,
  "resp_bytes": 0,
  "conn_state": "RSTR",
  "local_orig": false,
  "local_resp": false,
  "missed_bytes": 0,
  "history": "ShrADT",
  "orig_pkts": 6,
  "orig_ip_bytes": 1152,
  "resp_pkts": 2,
  "resp_ip_bytes": 104
}
{
  "ts": 1642050403.055412,
  "uid": "CoYgmslcBjS0xkdZj",
  "id.orig_h": "162.3.229.58",
  "id.orig_p": 39652,
  "id.resp_h": "202.25.110.168",
  "id.resp_p": 22,
  "proto": "tcp",
  "duration": 3.230064868927002,
  "orig_bytes": 243,
  "resp_bytes": 0,
  "conn_state": "RSTR",
  "local_orig": false,
  "local_resp": false,
  "missed_bytes": 0,
  "history": "ShrADTR",
  "orig_pkts": 7,
  "orig_ip_bytes": 1272,
  "resp_pkts": 2,
  "resp_ip_bytes": 104
}
{
  "ts": 1642050404.299938,
  "uid": "CslXS14dInAs9bjo0f",
  "id.orig_h": "45.241.34.192",
  "id.orig_p": 58024,
  "id.resp_h": "202.25.111.75",
  "id.resp_p": 22,
  "proto": "tcp",
  "duration": 4.160336017608643,
  "orig_bytes": 225,
  "resp_bytes": 0,
  "conn_state": "RSTR",
  "local_orig": false,
  "local_resp": false,
  "missed_bytes": 0,
  "history": "ShrADT",
  "orig_pkts": 6,
  "orig_ip_bytes": 1160,
  "resp_pkts": 2,
  "resp_ip_bytes": 104
}
{
  "ts": 1642050426.365991,
  "uid": "C75wbq2DfG1NXc5Ob7",
  "id.orig_h": "193.86.134.92",
  "id.orig_p": 24899,
  "id.resp_h": "133.7.86.194",
  "id.resp_p": 22,
  "proto": "tcp",
  "duration": 0.5150389671325684,
  "orig_bytes": 925,
  "resp_bytes": 42,
  "conn_state": "RSTR",
  "local_orig": false,
  "local_resp": false,
  "missed_bytes": 44,
  "history": "ShAdDaGfgrRr",
  "orig_pkts": 6,
  "orig_ip_bytes": 1177,
  "resp_pkts": 6,
  "resp_ip_bytes": 294
}
{
  "ts": 1642050471.326186,
  "uid": "Cwx9EF2BYh25WJJnk3",
  "id.orig_h": "161.60.150.180",
  "id.orig_p": 49668,
  "id.resp_h": "202.25.110.176",
  "id.resp_p": 22,
  "proto": "tcp",
  "duration": 5.115555047988892,
  "orig_bytes": 243,
  "resp_bytes": 0,
  "conn_state": "RSTR",
  "local_orig": false,
  "local_resp": false,
  "missed_bytes": 0,
  "history": "ShrADT",
  "orig_pkts": 6,
  "orig_ip_bytes": 1232,
  "resp_pkts": 2,
  "resp_ip_bytes": 104
}
{
  "ts": 1642050510.224871,
  "uid": "Ckvc1u4JZBrO9KOGQi",
  "id.orig_h": "185.109.103.159",
  "id.orig_p": 57200,
  "id.resp_h": "202.25.110.114",
  "id.resp_p": 22,
  "proto": "tcp",
  "duration": 4.778040170669556,
  "orig_bytes": 1416,
  "resp_bytes": 3687627726,
  "conn_state": "RSTR",
  "local_orig": false,
  "local_resp": false,
  "missed_bytes": 0,
  "history": "ShrDaAdFf",
  "orig_pkts": 13,
  "orig_ip_bytes": 2100,
  "resp_pkts": 16,
  "resp_ip_bytes": 2421
}
{
  "ts": 1642050011.909542,
  "uid": "CER3J84wcDqdZ9Hpzi",
  "id.orig_h": "106.138.89.234",
  "id.orig_p": 33172,
  "id.resp_h": "203.170.129.34",
  "id.resp_p": 22,
  "proto": "tcp",
  "duration": 505.50190687179565,
  "orig_bytes": 764,
  "resp_bytes": 38,
  "conn_state": "RSTR",
  "local_orig": false,
  "local_resp": false,
  "missed_bytes": 38,
  "history": "ShADdgfr",
  "orig_pkts": 5,
  "orig_ip_bytes": 1032,
  "resp_pkts": 16,
  "resp_ip_bytes": 878
}
{
  "ts": 1642050564.431502,
  "uid": "CjjQFo3QSAa78bL3gd",
  "id.orig_h": "92.193.84.136",
  "id.orig_p": 21908,
  "id.resp_h": "202.25.106.18",
  "id.resp_p": 22,
  "proto": "tcp",
  "duration": 3.349130868911743,
  "orig_bytes": 1266,
  "resp_bytes": 0,
  "conn_state": "RSTR",
  "local_orig": false,
  "local_resp": false,
  "missed_bytes": 0,
  "history": "ShrADad",
  "orig_pkts": 14,
  "orig_ip_bytes": 2014,
  "resp_pkts": 13,
  "resp_ip_bytes": 2297
}
{
  "ts": 1642050572.111024,
  "uid": "CZhEII2shzYnK4GGja",
  "id.orig_h": "162.3.229.205",
  "id.orig_p": 51094,
  "id.resp_h": "202.25.111.61",
  "id.resp_p": 22,
  "proto": "tcp",
  "duration": 3.1817681789398193,
  "orig_bytes": 243,
  "resp_bytes": 0,
  "conn_state": "RSTR",
  "local_orig": false,
  "local_resp": false,
  "missed_bytes": 0,
  "history": "ShrADTR",
  "orig_pkts": 7,
  "orig_ip_bytes": 1272,
  "resp_pkts": 2,
  "resp_ip_bytes": 104
}
{
  "ts": 1642050588.648159,
  "uid": "CadQeR11pRWNw4oAah",
  "id.orig_h": "167.120.139.238",
  "id.orig_p": 36252,
  "id.resp_h": "202.25.110.242",
  "id.resp_p": 22,
  "proto": "tcp",
  "duration": 3.173466920852661,
  "orig_bytes": 243,
  "resp_bytes": 0,
  "conn_state": "RSTR",
  "local_orig": false,
  "local_resp": false,
  "missed_bytes": 0,
  "history": "ShrADTR",
  "orig_pkts": 7,
  "orig_ip_bytes": 1272,
  "resp_pkts": 2,
  "resp_ip_bytes": 104
}
{
  "ts": 1642050597.766014,
  "uid": "CSIIGo2NvbIvT0r7hk",
  "id.orig_h": "92.193.84.242",
  "id.orig_p": 19286,
  "id.resp_h": "202.25.110.114",
  "id.resp_p": 22,
  "proto": "tcp",
  "duration": 4.56347393989563,
  "orig_bytes": 1318,
  "resp_bytes": 2063732445,
  "conn_state": "RSTR",
  "local_orig": false,
  "local_resp": false,
  "missed_bytes": 0,
  "history": "ShrADadFTf",
  "orig_pkts": 16,
  "orig_ip_bytes": 2158,
  "resp_pkts": 16,
  "resp_ip_bytes": 2529
}
{
  "ts": 1642050675.624092,
  "uid": "C6ubH82I5Cua4KrWZ7",
  "id.orig_h": "107.194.251.143",
  "id.orig_p": 45913,
  "id.resp_h": "202.25.106.119",
  "id.resp_p": 22,
  "proto": "tcp",
  "duration": 4.479170799255371,
  "orig_bytes": 225,
  "resp_bytes": 0,
  "conn_state": "RSTR",
  "local_orig": false,
  "local_resp": false,
  "missed_bytes": 0,
  "history": "ShrADT",
  "orig_pkts": 6,
  "orig_ip_bytes": 1160,
  "resp_pkts": 2,
  "resp_ip_bytes": 104
}
{
  "ts": 1642050757.246004,
  "uid": "C2fZYE2D2f6vRO4OOe",
  "id.orig_h": "141.82.114.80",
  "id.orig_p": 53072,
  "id.resp_h": "202.25.110.114",
  "id.resp_p": 22,
  "proto": "tcp",
  "duration": 1.3180279731750488,
  "orig_bytes": 671,
  "resp_bytes": 1494162635,
  "conn_state": "RSTR",
  "local_orig": false,
  "local_resp": false,
  "missed_bytes": 0,
  "history": "ShrADadfF",
  "orig_pkts": 9,
  "orig_ip_bytes": 1159,
  "resp_pkts": 10,
  "resp_ip_bytes": 2681
}
{
  "ts": 1642050761.311665,
  "uid": "Cl1baUDSIaT1HHJea",
  "id.orig_h": "141.82.114.80",
  "id.orig_p": 55030,
  "id.resp_h": "202.25.110.114",
  "id.resp_p": 22,
  "proto": "tcp",
  "duration": 0.9025619029998779,
  "orig_bytes": 671,
  "resp_bytes": 2609967524,
  "conn_state": "RSTR",
  "local_orig": false,
  "local_resp": false,
  "missed_bytes": 0,
  "history": "ShrADadfF",
  "orig_pkts": 8,
  "orig_ip_bytes": 1095,
  "resp_pkts": 9,
  "resp_ip_bytes": 1573
}
{
  "ts": 1642050853.476682,
  "uid": "CVGh8NbudCq06Rma6",
  "id.orig_h": "61.73.180.146",
  "id.orig_p": 44986,
  "id.resp_h": "133.250.13.212",
  "id.resp_p": 22,
  "proto": "tcp",
  "duration": 0.36359500885009766,
  "orig_bytes": 711,
  "resp_bytes": 1081,
  "conn_state": "RSTR",
  "local_orig": false,
  "local_resp": false,
  "missed_bytes": 728,
  "history": "ShADaGdgfRrR",
  "orig_pkts": 8,
  "orig_ip_bytes": 1123,
  "resp_pkts": 6,
  "resp_ip_bytes": 1389
}
{
  "ts": 1642050847.412861,
  "uid": "CSu5SqsaNk83p0Xle",
  "id.orig_h": "122.179.27.120",
  "id.orig_p": 7892,
  "id.resp_h": "202.134.137.128",
  "id.resp_p": 22,
  "proto": "tcp",
  "duration": 19.315732955932617,
  "orig_bytes": 1667,
  "resp_bytes": 2399,
  "conn_state": "RSTR",
  "local_orig": false,
  "local_resp": false,
  "missed_bytes": 4014,
  "history": "ShADaGdgGgfRr",
  "orig_pkts": 24,
  "orig_ip_bytes": 2923,
  "resp_pkts": 24,
  "resp_ip_bytes": 3643
}
{
  "ts": 1642050832.434453,
  "uid": "CiJFb4alsWRlx4Go",
  "id.orig_h": "122.179.27.126",
  "id.orig_p": 15078,
  "id.resp_h": "202.7.198.39",
  "id.resp_p": 22,
  "proto": "tcp",
  "duration": 0.4037621021270752,
  "orig_bytes": 711,
  "resp_bytes": 1097,
  "conn_state": "RSTR",
  "local_orig": false,
  "local_resp": false,
  "missed_bytes": 728,
  "history": "ShDAdgTaGfRRr",
  "orig_pkts": 10,
  "orig_ip_bytes": 1914,
  "resp_pkts": 7,
  "resp_ip_bytes": 1469
}
{
  "ts": 1642050832.400725,
  "uid": "C1fQWd49JnqIRrQWa8",
  "id.orig_h": "122.179.27.126",
  "id.orig_p": 21716,
  "id.resp_h": "202.7.198.41",
  "id.resp_p": 22,
  "proto": "tcp",
  "duration": 0.37689805030822754,
  "orig_bytes": 711,
  "resp_bytes": 1097,
  "conn_state": "RSTR",
  "local_orig": false,
  "local_resp": false,
  "missed_bytes": 728,
  "history": "ShADdgTaGfRRr",
  "orig_pkts": 11,
  "orig_ip_bytes": 1954,
  "resp_pkts": 8,
  "resp_ip_bytes": 1521
}
{
  "ts": 1642050830.530775,
  "uid": "CWfftP4lqUv2PaDE5",
  "id.orig_h": "122.179.27.120",
  "id.orig_p": 14010,
  "id.resp_h": "202.134.181.119",
  "id.resp_p": 22,
  "proto": "tcp",
  "duration": 0.13307690620422363,
  "orig_bytes": 711,
  "resp_bytes": 1097,
  "conn_state": "RSTR",
  "local_orig": false,
  "local_resp": false,
  "missed_bytes": 728,
  "history": "ShADaGdgfRRr",
  "orig_pkts": 8,
  "orig_ip_bytes": 1123,
  "resp_pkts": 7,
  "resp_ip_bytes": 1457
}
{
  "ts": 1642050830.520905,
  "uid": "CqXGBq1ZzhdbZq9LRl",
  "id.orig_h": "122.179.27.120",
  "id.orig_p": 53986,
  "id.resp_h": "202.134.181.120",
  "id.resp_p": 22,
  "proto": "tcp",
  "duration": 0.15584707260131836,
  "orig_bytes": 711,
  "resp_bytes": 1097,
  "conn_state": "RSTR",
  "local_orig": false,
  "local_resp": false,
  "missed_bytes": 728,
  "history": "ShADaGdgfRrR",
  "orig_pkts": 8,
  "orig_ip_bytes": 1123,
  "resp_pkts": 7,
  "resp_ip_bytes": 1457
}
{
  "ts": 1642050830.502498,
  "uid": "CTjzrU2PoOqM6IfgB2",
  "id.orig_h": "122.179.27.120",
  "id.orig_p": 55620,
  "id.resp_h": "202.134.156.244",
  "id.resp_p": 22,
  "proto": "tcp",
  "duration": 15.976477146148682,
  "orig_bytes": 1471,
  "resp_bytes": 2189,
  "conn_state": "RSTR",
  "local_orig": false,
  "local_resp": false,
  "missed_bytes": 3620,
  "history": "ShADaGdgGgfRr",
  "orig_pkts": 23,
  "orig_ip_bytes": 2675,
  "resp_pkts": 22,
  "resp_ip_bytes": 3329
}
{
  "ts": 1642050830.52977,
  "uid": "CgcX5hRb0rVAxzmBg",
  "id.orig_h": "122.179.27.120",
  "id.orig_p": 60494,
  "id.resp_h": "202.134.181.117",
  "id.resp_p": 22,
  "proto": "tcp",
  "duration": 0.16457509994506836,
  "orig_bytes": 711,
  "resp_bytes": 1077,
  "conn_state": "RSTR",
  "local_orig": false,
  "local_resp": false,
  "missed_bytes": 1764,
  "history": "ShADaGdgtfRRr",
  "orig_pkts": 8,
  "orig_ip_bytes": 1123,
  "resp_pkts": 8,
  "resp_ip_bytes": 1493
}
{
  "ts": 1642050847.472266,
  "uid": "Cfu6hD3O7V8t4jnQK3",
  "id.orig_h": "122.179.27.120",
  "id.orig_p": 44242,
  "id.resp_h": "202.134.156.244",
  "id.resp_p": 22,
  "proto": "tcp",
  "duration": 19.516879081726074,
  "orig_bytes": 1487,
  "resp_bytes": 2189,
  "conn_state": "RSTR",
  "local_orig": false,
  "local_resp": false,
  "missed_bytes": 3636,
  "history": "ShADaGdgGgfRr",
  "orig_pkts": 24,
  "orig_ip_bytes": 2743,
  "resp_pkts": 24,
  "resp_ip_bytes": 3433
}
{
  "ts": 1642050819.28849,
  "uid": "C2tl6d2aWnLftbKHVh",
  "id.orig_h": "122.179.27.61",
  "id.orig_p": 48426,
  "id.resp_h": "133.7.240.186",
  "id.resp_p": 22,
  "proto": "tcp",
  "duration": 0.3949759006500244,
  "orig_bytes": 711,
  "resp_bytes": 741,
  "conn_state": "RSTR",
  "local_orig": false,
  "local_resp": false,
  "missed_bytes": 1428,
  "history": "ShADdgTaGfRRr",
  "orig_pkts": 10,
  "orig_ip_bytes": 1914,
  "resp_pkts": 7,
  "resp_ip_bytes": 1113
}
{
  "ts": 1642050830.514449,
  "uid": "Cyt1vf420QHmN2v6x1",
  "id.orig_h": "122.179.27.120",
  "id.orig_p": 18482,
  "id.resp_h": "202.134.157.3",
  "id.resp_p": 22,
  "proto": "tcp",
  "duration": 0.26328206062316895,
  "orig_bytes": 711,
  "resp_bytes": 1097,
  "conn_state": "RSTR",
  "local_orig": false,
  "local_resp": false,
  "missed_bytes": 1784,
  "history": "ShADaGdgfRRr",
  "orig_pkts": 8,
  "orig_ip_bytes": 1123,
  "resp_pkts": 6,
  "resp_ip_bytes": 1405
}
{
  "ts": 1642050569.628041,
  "uid": "CAPOFR1GoEcRsxrd79",
  "id.orig_h": "61.73.180.153",
  "id.orig_p": 7016,
  "id.resp_h": "163.33.124.254",
  "id.resp_p": 22,
  "proto": "tcp",
  "duration": 0.3380749225616455,
  "orig_bytes": 711,
  "resp_bytes": 1097,
  "conn_state": "RSTR",
  "local_orig": false,
  "local_resp": false,
  "missed_bytes": 1784,
  "history": "ShADaGdgfRRr",
  "orig_pkts": 9,
  "orig_ip_bytes": 1163,
  "resp_pkts": 7,
  "resp_ip_bytes": 1457
}
{
  "ts": 1642050569.624859,
  "uid": "C1fJ0P1UuC1O4yxdN4",
  "id.orig_h": "61.73.180.153",
  "id.orig_p": 31976,
  "id.resp_h": "163.33.124.252",
  "id.resp_p": 22,
  "proto": "tcp",
  "duration": 0.3594667911529541,
  "orig_bytes": 711,
  "resp_bytes": 1097,
  "conn_state": "RSTR",
  "local_orig": false,
  "local_resp": false,
  "missed_bytes": 728,
  "history": "ShADaGdgfRRr",
  "orig_pkts": 9,
  "orig_ip_bytes": 1163,
  "resp_pkts": 7,
  "resp_ip_bytes": 1457
}
{
  "ts": 1642050569.622755,
  "uid": "CSiiBD2kAHUtBMRQD5",
  "id.orig_h": "61.73.180.153",
  "id.orig_p": 13302,
  "id.resp_h": "163.33.124.253",
  "id.resp_p": 22,
  "proto": "tcp",
  "duration": 0.3173539638519287,
  "orig_bytes": 711,
  "resp_bytes": 1097,
  "conn_state": "RSTR",
  "local_orig": false,
  "local_resp": false,
  "missed_bytes": 1784,
  "history": "ShADaGdgfRRr",
  "orig_pkts": 8,
  "orig_ip_bytes": 1123,
  "resp_pkts": 7,
  "resp_ip_bytes": 1457
}
{
  "ts": 1642050830.480834,
  "uid": "CCAK8oDGqT95rMEl5",
  "id.orig_h": "122.179.27.120",
  "id.orig_p": 19434,
  "id.resp_h": "202.134.137.128",
  "id.resp_p": 22,
  "proto": "tcp",
  "duration": 15.936522006988525,
  "orig_bytes": 1651,
  "resp_bytes": 2399,
  "conn_state": "RSTR",
  "local_orig": false,
  "local_resp": false,
  "missed_bytes": 3998,
  "history": "ShDaGdAgGgftRr",
  "orig_pkts": 21,
  "orig_ip_bytes": 2751,
  "resp_pkts": 25,
  "resp_ip_bytes": 3695
}
{
  "ts": 1642050820.029386,
  "uid": "Cpjawn3gr8djnOvrP9",
  "id.orig_h": "122.179.27.61",
  "id.orig_p": 34668,
  "id.resp_h": "133.7.242.125",
  "id.resp_p": 22,
  "proto": "tcp",
  "duration": 0.4008960723876953,
  "orig_bytes": 711,
  "resp_bytes": 1097,
  "conn_state": "RSTR",
  "local_orig": false,
  "local_resp": false,
  "missed_bytes": 1784,
  "history": "ShDAdgTaGfRRr",
  "orig_pkts": 10,
  "orig_ip_bytes": 1914,
  "resp_pkts": 7,
  "resp_ip_bytes": 1469
}
{
  "ts": 1642050373.866165,
  "uid": "CPWHbn2Si618rfAEsl",
  "id.orig_h": "61.73.180.60",
  "id.orig_p": 14288,
  "id.resp_h": "203.170.132.66",
  "id.resp_p": 22,
  "proto": "tcp",
  "duration": 19.642657995224,
  "orig_bytes": 1487,
  "resp_bytes": 2479,
  "conn_state": "RSTR",
  "local_orig": false,
  "local_resp": false,
  "missed_bytes": 3926,
  "history": "ShDAdgTaGgGfRr",
  "orig_pkts": 28,
  "orig_ip_bytes": 3814,
  "resp_pkts": 27,
  "resp_ip_bytes": 3915
}
{
  "ts": 1642050352.560795,
  "uid": "CzEW9x2wKpXaGicYy1",
  "id.orig_h": "61.73.180.60",
  "id.orig_p": 8468,
  "id.resp_h": "203.170.128.210",
  "id.resp_p": 22,
  "proto": "tcp",
  "duration": 0.985543966293335,
  "orig_bytes": 711,
  "resp_bytes": 1097,
  "conn_state": "RSTR",
  "local_orig": false,
  "local_resp": false,
  "missed_bytes": 728,
  "history": "ShADdgTaGftRr",
  "orig_pkts": 10,
  "orig_ip_bytes": 1938,
  "resp_pkts": 9,
  "resp_ip_bytes": 2629
}
{
  "ts": 1642050346.306941,
  "uid": "CKIHAK2sz88tgvJFa2",
  "id.orig_h": "61.73.180.60",
  "id.orig_p": 12142,
  "id.resp_h": "203.170.143.95",
  "id.resp_p": 22,
  "proto": "tcp",
  "duration": 1.1796760559082031,
  "orig_bytes": 711,
  "resp_bytes": 1097,
  "conn_state": "RSTR",
  "local_orig": false,
  "local_resp": false,
  "missed_bytes": 1784,
  "history": "ShADdgTaGftRr",
  "orig_pkts": 11,
  "orig_ip_bytes": 1990,
  "resp_pkts": 9,
  "resp_ip_bytes": 3685
}
{
  "ts": 1642050346.305001,
  "uid": "CyOEQv4U7cg0i00YH3",
  "id.orig_h": "61.73.180.60",
  "id.orig_p": 47550,
  "id.resp_h": "203.170.132.66",
  "id.resp_p": 22,
  "proto": "tcp",
  "duration": 20.559005975723267,
  "orig_bytes": 1471,
  "resp_bytes": 2479,
  "conn_state": "RSTR",
  "local_orig": false,
  "local_resp": false,
  "missed_bytes": 3910,
  "history": "ShADdgTaGtGgfRr",
  "orig_pkts": 29,
  "orig_ip_bytes": 4710,
  "resp_pkts": 36,
  "resp_ip_bytes": 6719
}
{
  "ts": 1642050346.304581,
  "uid": "CrQf584iYo84YoucMk",
  "id.orig_h": "61.73.180.60",
  "id.orig_p": 21396,
  "id.resp_h": "203.170.136.85",
  "id.resp_p": 22,
  "proto": "tcp",
  "duration": 0.6578130722045898,
  "orig_bytes": 711,
  "resp_bytes": 1097,
  "conn_state": "RSTR",
  "local_orig": false,
  "local_resp": false,
  "missed_bytes": 728,
  "history": "ShADdgTaGfRRr",
  "orig_pkts": 10,
  "orig_ip_bytes": 1914,
  "resp_pkts": 7,
  "resp_ip_bytes": 1469
}
{
  "ts": 1642050346.304417,
  "uid": "C18OpStgFK7QIDmd7",
  "id.orig_h": "61.73.180.60",
  "id.orig_p": 56730,
  "id.resp_h": "203.170.134.46",
  "id.resp_p": 22,
  "proto": "tcp",
  "duration": 0.7087790966033936,
  "orig_bytes": 711,
  "resp_bytes": 1097,
  "conn_state": "RSTR",
  "local_orig": false,
  "local_resp": false,
  "missed_bytes": 1784,
  "history": "ShDTaGdAgfRRr",
  "orig_pkts": 9,
  "orig_ip_bytes": 1178,
  "resp_pkts": 7,
  "resp_ip_bytes": 1457
}
{
  "ts": 1642050346.304371,
  "uid": "CDFsDm46vjd9h4nhwj",
  "id.orig_h": "61.73.180.60",
  "id.orig_p": 20238,
  "id.resp_h": "203.170.134.208",
  "id.resp_p": 22,
  "proto": "tcp",
  "duration": 24.697768926620483,
  "orig_bytes": 1651,
  "resp_bytes": 2513,
  "conn_state": "RSTR",
  "local_orig": false,
  "local_resp": false,
  "missed_bytes": 4112,
  "history": "ShADdTaGtgGfgRr",
  "orig_pkts": 26,
  "orig_ip_bytes": 3206,
  "resp_pkts": 28,
  "resp_ip_bytes": 6126
}
{
  "ts": 1642050346.295234,
  "uid": "CNuPua3cn2ymhZhfAk",
  "id.orig_h": "61.73.180.60",
  "id.orig_p": 18932,
  "id.resp_h": "203.170.133.162",
  "id.resp_p": 22,
  "proto": "tcp",
  "duration": 3.9758450984954834,
  "orig_bytes": 711,
  "resp_bytes": 1137,
  "conn_state": "RSTR",
  "local_orig": false,
  "local_resp": false,
  "missed_bytes": 728,
  "history": "ShDAdgTaGfRRr",
  "orig_pkts": 11,
  "orig_ip_bytes": 1974,
  "resp_pkts": 8,
  "resp_ip_bytes": 1569
}
{
  "ts": 1642050346.295138,
  "uid": "CosLA51vMLPttLIj8e",
  "id.orig_h": "61.73.180.60",
  "id.orig_p": 60218,
  "id.resp_h": "203.170.136.143",
  "id.resp_p": 22,
  "proto": "tcp",
  "duration": 0.7874140739440918,
  "orig_bytes": 711,
  "resp_bytes": 1081,
  "conn_state": "RSTR",
  "local_orig": false,
  "local_resp": false,
  "missed_bytes": 728,
  "history": "ShADdgTaGfRRr",
  "orig_pkts": 10,
  "orig_ip_bytes": 2586,
  "resp_pkts": 7,
  "resp_ip_bytes": 1465
}
{
  "ts": 1642050346.295131,
  "uid": "CsRRUL1kpqMfoGrrR9",
  "id.orig_h": "61.73.180.60",
  "id.orig_p": 8698,
  "id.resp_h": "203.170.136.21",
  "id.resp_p": 22,
  "proto": "tcp",
  "duration": 0.6778430938720703,
  "orig_bytes": 711,
  "resp_bytes": 1097,
  "conn_state": "RSTR",
  "local_orig": false,
  "local_resp": false,
  "missed_bytes": 728,
  "history": "ShADdgTaGfRRr",
  "orig_pkts": 10,
  "orig_ip_bytes": 1914,
  "resp_pkts": 7,
  "resp_ip_bytes": 1469
}
{
  "ts": 1642050346.294951,
  "uid": "CLk8Wc1wNpKUbBkp3i",
  "id.orig_h": "61.73.180.60",
  "id.orig_p": 24788,
  "id.resp_h": "203.170.136.167",
  "id.resp_p": 22,
  "proto": "tcp",
  "duration": 0.7336039543151855,
  "orig_bytes": 711,
  "resp_bytes": 1097,
  "conn_state": "RSTR",
  "local_orig": false,
  "local_resp": false,
  "missed_bytes": 1784,
  "history": "ShADdgTaGftRr",
  "orig_pkts": 11,
  "orig_ip_bytes": 1990,
  "resp_pkts": 8,
  "resp_ip_bytes": 2577
}
{
  "ts": 1642050346.294816,
  "uid": "Cvgr3l1hnxr261gw4b",
  "id.orig_h": "61.73.180.60",
  "id.orig_p": 1718,
  "id.resp_h": "203.170.136.42",
  "id.resp_p": 22,
  "proto": "tcp",
  "duration": 7.0418360233306885,
  "orig_bytes": 1651,
  "resp_bytes": 2513,
  "conn_state": "RSTR",
  "local_orig": false,
  "local_resp": false,
  "missed_bytes": 4112,
  "history": "ShADdgTaGtgGfRr",
  "orig_pkts": 25,
  "orig_ip_bytes": 3730,
  "resp_pkts": 21,
  "resp_ip_bytes": 3693
}
{
  "ts": 1642050346.294731,
  "uid": "CRuoE85wXOliQmcg7",
  "id.orig_h": "61.73.180.60",
  "id.orig_p": 43222,
  "id.resp_h": "203.170.136.41",
  "id.resp_p": 22,
  "proto": "tcp",
  "duration": 0.47314906120300293,
  "orig_bytes": 711,
  "resp_bytes": 1097,
  "conn_state": "RSTR",
  "local_orig": false,
  "local_resp": false,
  "missed_bytes": 1784,
  "history": "ShADaGdgftRr",
  "orig_pkts": 9,
  "orig_ip_bytes": 1199,
  "resp_pkts": 8,
  "resp_ip_bytes": 2565
}
{
  "ts": 1642050346.294679,
  "uid": "CTqgqo1byrkXrzxnq2",
  "id.orig_h": "61.73.180.60",
  "id.orig_p": 11634,
  "id.resp_h": "203.170.140.209",
  "id.resp_p": 22,
  "proto": "tcp",
  "duration": 21.76256012916565,
  "orig_bytes": 1507,
  "resp_bytes": 2653,
  "conn_state": "RSTR",
  "local_orig": false,
  "local_resp": false,
  "missed_bytes": 4116,
  "history": "ShADdTaGtgGftgRr",
  "orig_pkts": 27,
  "orig_ip_bytes": 2774,
  "resp_pkts": 36,
  "resp_ip_bytes": 4910
}
{
  "ts": 1642050346.294553,
  "uid": "CAsmTf4DL96SrKgx19",
  "id.orig_h": "61.73.180.60",
  "id.orig_p": 11750,
  "id.resp_h": "203.170.131.122",
  "id.resp_p": 22,
  "proto": "tcp",
  "duration": 2.3502988815307617,
  "orig_bytes": 711,
  "resp_bytes": 1097,
  "conn_state": "RSTR",
  "local_orig": false,
  "local_resp": false,
  "missed_bytes": 1784,
  "history": "ShDaGdAgfRRr",
  "orig_pkts": 8,
  "orig_ip_bytes": 1131,
  "resp_pkts": 8,
  "resp_ip_bytes": 1525
}
{
  "ts": 1642050346.294092,
  "uid": "CQk1SK2mscY4exi5q4",
  "id.orig_h": "61.73.180.60",
  "id.orig_p": 49740,
  "id.resp_h": "203.170.134.16",
  "id.resp_p": 22,
  "proto": "tcp",
  "duration": 3.856466054916382,
  "orig_bytes": 711,
  "resp_bytes": 1097,
  "conn_state": "RSTR",
  "local_orig": false,
  "local_resp": false,
  "missed_bytes": 1784,
  "history": "ShADdgTaGfRrR",
  "orig_pkts": 11,
  "orig_ip_bytes": 1974,
  "resp_pkts": 8,
  "resp_ip_bytes": 1529
}
{
  "ts": 1642050346.303824,
  "uid": "CtTijh3tm6nltuY4E5",
  "id.orig_h": "61.73.180.60",
  "id.orig_p": 57058,
  "id.resp_h": "203.170.136.24",
  "id.resp_p": 22,
  "proto": "tcp",
  "duration": 20.96562695503235,
  "orig_bytes": 1551,
  "resp_bytes": 1975,
  "conn_state": "RSTR",
  "local_orig": false,
  "local_resp": false,
  "missed_bytes": 3486,
  "history": "ShDAdTaGtgGgfRr",
  "orig_pkts": 29,
  "orig_ip_bytes": 3314,
  "resp_pkts": 32,
  "resp_ip_bytes": 4574
}
{
  "ts": 1642050087.192133,
  "uid": "C7at0I1Oom9qsroGlb",
  "id.orig_h": "122.179.27.60",
  "id.orig_p": 36166,
  "id.resp_h": "202.134.156.244",
  "id.resp_p": 22,
  "proto": "tcp",
  "duration": 20.355082988739014,
  "orig_bytes": 1479,
  "resp_bytes": 2189,
  "conn_state": "RSTR",
  "local_orig": false,
  "local_resp": false,
  "missed_bytes": 3628,
  "history": "ShADaGdgtGgfRr",
  "orig_pkts": 24,
  "orig_ip_bytes": 2735,
  "resp_pkts": 25,
  "resp_ip_bytes": 4325
}
{
  "ts": 1642050090.391801,
  "uid": "CWwp9g2Pue5Xjlx1oh",
  "id.orig_h": "61.73.180.35",
  "id.orig_p": 42452,
  "id.resp_h": "202.7.198.46",
  "id.resp_p": 22,
  "proto": "tcp",
  "duration": 0.3570699691772461,
  "orig_bytes": 711,
  "resp_bytes": 1097,
  "conn_state": "RSTR",
  "local_orig": false,
  "local_resp": false,
  "missed_bytes": 1784,
  "history": "ShADaGdgfRRr",
  "orig_pkts": 8,
  "orig_ip_bytes": 1123,
  "resp_pkts": 6,
  "resp_ip_bytes": 1405
}
{
  "ts": 1642050067.850355,
  "uid": "CNXzRK3Vdki3IgC4pj",
  "id.orig_h": "61.73.180.92",
  "id.orig_p": 12596,
  "id.resp_h": "133.7.240.185",
  "id.resp_p": 22,
  "proto": "tcp",
  "duration": 2.378812074661255,
  "orig_bytes": 711,
  "resp_bytes": 749,
  "conn_state": "RSTR",
  "local_orig": false,
  "local_resp": false,
  "missed_bytes": 708,
  "history": "ShADaGdgfRRr",
  "orig_pkts": 10,
  "orig_ip_bytes": 1223,
  "resp_pkts": 9,
  "resp_ip_bytes": 1229
}
{
  "ts": 1642050283.636393,
  "uid": "C3rpNx35UWfrnKG9S",
  "id.orig_h": "112.173.186.44",
  "id.orig_p": 30761,
  "id.resp_h": "203.170.136.33",
  "id.resp_p": 22,
  "proto": "tcp",
  "duration": 226.2965190410614,
  "orig_bytes": 871,
  "resp_bytes": 38,
  "conn_state": "RSTR",
  "local_orig": false,
  "local_resp": false,
  "missed_bytes": 38,
  "history": "ShADdgfRr",
  "orig_pkts": 13,
  "orig_ip_bytes": 1459,
  "resp_pkts": 16,
  "resp_ip_bytes": 878
}
{
  "ts": 1642050346.294601,
  "uid": "CHwn9U2LEAeq5NbFej",
  "id.orig_h": "61.73.180.60",
  "id.orig_p": 4618,
  "id.resp_h": "203.170.131.71",
  "id.resp_p": 22,
  "proto": "tcp",
  "duration": 0.6894819736480713,
  "orig_bytes": 711,
  "resp_bytes": 1097,
  "conn_state": "RSTR",
  "local_orig": false,
  "local_resp": false,
  "missed_bytes": 1784,
  "history": "ShADdgTaGfRRr",
  "orig_pkts": 10,
  "orig_ip_bytes": 1914,
  "resp_pkts": 7,
  "resp_ip_bytes": 1469
}
{
  "ts": 1642050346.295314,
  "uid": "C8JVdB1j0rE4ZzjAqj",
  "id.orig_h": "61.73.180.60",
  "id.orig_p": 53650,
  "id.resp_h": "203.170.134.168",
  "id.resp_p": 22,
  "proto": "tcp",
  "duration": 2.7539639472961426,
  "orig_bytes": 711,
  "resp_bytes": 1053,
  "conn_state": "RSTR",
  "local_orig": false,
  "local_resp": false,
  "missed_bytes": 708,
  "history": "ShADdTaGtgfRr",
  "orig_pkts": 9,
  "orig_ip_bytes": 1214,
  "resp_pkts": 9,
  "resp_ip_bytes": 2570
}
{
  "ts": 1642050070.115623,
  "uid": "C9SIQR1o4ZZavse1F4",
  "id.orig_h": "122.179.27.60",
  "id.orig_p": 64224,
  "id.resp_h": "202.134.156.248",
  "id.resp_p": 22,
  "proto": "tcp",
  "duration": 15.726615905761719,
  "orig_bytes": 1471,
  "resp_bytes": 2189,
  "conn_state": "RSTR",
  "local_orig": false,
  "local_resp": false,
  "missed_bytes": 3620,
  "history": "ShADaGdgGgfRr",
  "orig_pkts": 23,
  "orig_ip_bytes": 2675,
  "resp_pkts": 25,
  "resp_ip_bytes": 3485
}
{
  "ts": 1642050070.121036,
  "uid": "CTMKYl3jKefqkJZTq1",
  "id.orig_h": "122.179.27.60",
  "id.orig_p": 58588,
  "id.resp_h": "202.134.181.120",
  "id.resp_p": 22,
  "proto": "tcp",
  "duration": 0.15531396865844727,
  "orig_bytes": 711,
  "resp_bytes": 1097,
  "conn_state": "RSTR",
  "local_orig": false,
  "local_resp": false,
  "missed_bytes": 728,
  "history": "ShADaGdgfRRr",
  "orig_pkts": 9,
  "orig_ip_bytes": 1163,
  "resp_pkts": 7,
  "resp_ip_bytes": 1457
}
{
  "ts": 1642050352.299827,
  "uid": "CYlC372SEnLW3qdV9",
  "id.orig_h": "61.73.180.60",
  "id.orig_p": 57858,
  "id.resp_h": "203.170.136.59",
  "id.resp_p": 22,
  "proto": "tcp",
  "duration": 0.6565189361572266,
  "orig_bytes": 711,
  "resp_bytes": 1097,
  "conn_state": "RSTR",
  "local_orig": false,
  "local_resp": false,
  "missed_bytes": 1784,
  "history": "ShADdgTaGfRr",
  "orig_pkts": 9,
  "orig_ip_bytes": 1874,
  "resp_pkts": 7,
  "resp_ip_bytes": 1469
}
{
  "ts": 1642050090.391355,
  "uid": "CHGhEAJf7FjOJ5iL8",
  "id.orig_h": "61.73.180.35",
  "id.orig_p": 58626,
  "id.resp_h": "202.7.198.188",
  "id.resp_p": 22,
  "proto": "tcp",
  "duration": 0.34608006477355957,
  "orig_bytes": 711,
  "resp_bytes": 1097,
  "conn_state": "RSTR",
  "local_orig": false,
  "local_resp": false,
  "missed_bytes": 728,
  "history": "ShADaGdgfRRr",
  "orig_pkts": 8,
  "orig_ip_bytes": 1123,
  "resp_pkts": 7,
  "resp_ip_bytes": 1457
}
{
  "ts": 1642050372.002588,
  "uid": "C8DZAe3SZBEvm2e3Qg",
  "id.orig_h": "61.73.180.60",
  "id.orig_p": 47626,
  "id.resp_h": "203.170.134.208",
  "id.resp_p": 22,
  "proto": "tcp",
  "duration": 28.592139959335327,
  "orig_bytes": 1667,
  "resp_bytes": 2513,
  "conn_state": "RSTR",
  "local_orig": false,
  "local_resp": false,
  "missed_bytes": 4128,
  "history": "ShADdgTaGgGfRr",
  "orig_pkts": 26,
  "orig_ip_bytes": 3714,
  "resp_pkts": 23,
  "resp_ip_bytes": 3717
}
{
  "ts": 1642050346.296678,
  "uid": "C14fI64jgBt9nU9DTk",
  "id.orig_h": "61.73.180.60",
  "id.orig_p": 39902,
  "id.resp_h": "203.170.136.184",
  "id.resp_p": 22,
  "proto": "tcp",
  "duration": 0.9923849105834961,
  "orig_bytes": 711,
  "resp_bytes": 1097,
  "conn_state": "RSTR",
  "local_orig": false,
  "local_resp": false,
  "missed_bytes": 1784,
  "history": "ShDAdgTaGftRr",
  "orig_pkts": 12,
  "orig_ip_bytes": 2057,
  "resp_pkts": 10,
  "resp_ip_bytes": 2693
}
{
  "ts": 1642050090.392102,
  "uid": "CgIx59n9WMQfHgjj6",
  "id.orig_h": "61.73.180.35",
  "id.orig_p": 49232,
  "id.resp_h": "202.7.198.36",
  "id.resp_p": 22,
  "proto": "tcp",
  "duration": 1.3589611053466797,
  "orig_bytes": 711,
  "resp_bytes": 1097,
  "conn_state": "RSTR",
  "local_orig": false,
  "local_resp": false,
  "missed_bytes": 728,
  "history": "ShADaGdgfRr",
  "orig_pkts": 8,
  "orig_ip_bytes": 1143,
  "resp_pkts": 7,
  "resp_ip_bytes": 1465
}
{
  "ts": 1642050090.386938,
  "uid": "CUEh022IPlv4Tcln81",
  "id.orig_h": "61.73.180.35",
  "id.orig_p": 47616,
  "id.resp_h": "202.7.198.0",
  "id.resp_p": 22,
  "proto": "tcp",
  "duration": 0.3555729389190674,
  "orig_bytes": 711,
  "resp_bytes": 1097,
  "conn_state": "RSTR",
  "local_orig": false,
  "local_resp": false,
  "missed_bytes": 1784,
  "history": "ShADaGdgfRRr",
  "orig_pkts": 8,
  "orig_ip_bytes": 1123,
  "resp_pkts": 7,
  "resp_ip_bytes": 1457
}
{
  "ts": 1642050346.304732,
  "uid": "CW8Msr1KXlRsTC11Ll",
  "id.orig_h": "61.73.180.60",
  "id.orig_p": 11514,
  "id.resp_h": "203.170.132.91",
  "id.resp_p": 22,
  "proto": "tcp",
  "duration": 4.968777894973755,
  "orig_bytes": 711,
  "resp_bytes": 1097,
  "conn_state": "RSTR",
  "local_orig": false,
  "local_resp": false,
  "missed_bytes": 728,
  "history": "ShADdtgTaGfRRr",
  "orig_pkts": 11,
  "orig_ip_bytes": 1974,
  "resp_pkts": 11,
  "resp_ip_bytes": 1808
}
{
  "ts": 1642050087.228907,
  "uid": "CfRyca3FYLhgxj3Ndb",
  "id.orig_h": "122.179.27.60",
  "id.orig_p": 11982,
  "id.resp_h": "202.134.137.128",
  "id.resp_p": 22,
  "proto": "tcp",
  "duration": 20.418486833572388,
  "orig_bytes": 1651,
  "resp_bytes": 2399,
  "conn_state": "RSTR",
  "local_orig": false,
  "local_resp": false,
  "missed_bytes": 3998,
  "history": "ShADaGdgGgfRr",
  "orig_pkts": 23,
  "orig_ip_bytes": 2855,
  "resp_pkts": 24,
  "resp_ip_bytes": 3643
}
{
  "ts": 1642050070.134178,
  "uid": "C2Zosk3X11P815DWs2",
  "id.orig_h": "122.179.27.60",
  "id.orig_p": 61646,
  "id.resp_h": "202.134.181.117",
  "id.resp_p": 22,
  "proto": "tcp",
  "duration": 0.18706607818603516,
  "orig_bytes": 711,
  "resp_bytes": 1077,
  "conn_state": "RSTR",
  "local_orig": false,
  "local_resp": false,
  "missed_bytes": 708,
  "history": "ShDAaGdgfRRr",
  "orig_pkts": 8,
  "orig_ip_bytes": 1123,
  "resp_pkts": 8,
  "resp_ip_bytes": 1493
}
{
  "ts": 1642050070.133626,
  "uid": "CGJttN36KnCePPOLU9",
  "id.orig_h": "122.179.27.60",
  "id.orig_p": 1892,
  "id.resp_h": "202.134.181.119",
  "id.resp_p": 22,
  "proto": "tcp",
  "duration": 0.15980291366577148,
  "orig_bytes": 711,
  "resp_bytes": 1097,
  "conn_state": "RSTR",
  "local_orig": false,
  "local_resp": false,
  "missed_bytes": 728,
  "history": "ShADaGdgfRRr",
  "orig_pkts": 8,
  "orig_ip_bytes": 1123,
  "resp_pkts": 6,
  "resp_ip_bytes": 1405
}
{
  "ts": 1642050070.116981,
  "uid": "CfnW544HO6n31kth6f",
  "id.orig_h": "122.179.27.60",
  "id.orig_p": 53372,
  "id.resp_h": "202.134.156.244",
  "id.resp_p": 22,
  "proto": "tcp",
  "duration": 16.0797438621521,
  "orig_bytes": 1471,
  "resp_bytes": 2189,
  "conn_state": "RSTR",
  "local_orig": false,
  "local_resp": false,
  "missed_bytes": 3620,
  "history": "ShADaGdgGgfRr",
  "orig_pkts": 23,
  "orig_ip_bytes": 2675,
  "resp_pkts": 25,
  "resp_ip_bytes": 3485
}
{
  "ts": 1642050070.11604,
  "uid": "CTZ3UU3LW08WdPvYB4",
  "id.orig_h": "122.179.27.60",
  "id.orig_p": 5498,
  "id.resp_h": "202.134.157.3",
  "id.resp_p": 22,
  "proto": "tcp",
  "duration": 0.24115204811096191,
  "orig_bytes": 711,
  "resp_bytes": 1097,
  "conn_state": "RSTR",
  "local_orig": false,
  "local_resp": false,
  "missed_bytes": 1784,
  "history": "ShADaGdgfRRr",
  "orig_pkts": 8,
  "orig_ip_bytes": 1123,
  "resp_pkts": 6,
  "resp_ip_bytes": 1405
}
{
  "ts": 1642050070.106684,
  "uid": "Cd3S194b5kYs7cbZ68",
  "id.orig_h": "122.179.27.60",
  "id.orig_p": 28894,
  "id.resp_h": "202.134.137.128",
  "id.resp_p": 22,
  "proto": "tcp",
  "duration": 16.126979112625122,
  "orig_bytes": 1651,
  "resp_bytes": 2399,
  "conn_state": "RSTR",
  "local_orig": false,
  "local_resp": false,
  "missed_bytes": 3998,
  "history": "ShADaGdgGgfRr",
  "orig_pkts": 23,
  "orig_ip_bytes": 2855,
  "resp_pkts": 25,
  "resp_ip_bytes": 3695
}
{
  "ts": 1642050069.308586,
  "uid": "CEuy5E12o9RN2IFU6a",
  "id.orig_h": "61.73.180.92",
  "id.orig_p": 25590,
  "id.resp_h": "133.7.242.125",
  "id.resp_p": 22,
  "proto": "tcp",
  "duration": 0.48972010612487793,
  "orig_bytes": 711,
  "resp_bytes": 1097,
  "conn_state": "RSTR",
  "local_orig": false,
  "local_resp": false,
  "missed_bytes": 1784,
  "history": "ShDaGdAgftRr",
  "orig_pkts": 8,
  "orig_ip_bytes": 1147,
  "resp_pkts": 8,
  "resp_ip_bytes": 2565
}
{
  "ts": 1642050067.847239,
  "uid": "CA5nTw302jOq5JmM64",
  "id.orig_h": "61.73.180.92",
  "id.orig_p": 20876,
  "id.resp_h": "133.7.240.186",
  "id.resp_p": 22,
  "proto": "tcp",
  "duration": 0.3883020877838135,
  "orig_bytes": 711,
  "resp_bytes": 741,
  "conn_state": "RSTR",
  "local_orig": false,
  "local_resp": false,
  "missed_bytes": 708,
  "history": "ShADaGdgfRRr",
  "orig_pkts": 9,
  "orig_ip_bytes": 1163,
  "resp_pkts": 7,
  "resp_ip_bytes": 1101
}
{
  "ts": 1642050067.796464,
  "uid": "CijlqW1Os5dRVPjWF2",
  "id.orig_h": "61.73.180.92",
  "id.orig_p": 42292,
  "id.resp_h": "133.7.240.235",
  "id.resp_p": 22,
  "proto": "tcp",
  "duration": 0.3740849494934082,
  "orig_bytes": 711,
  "resp_bytes": 1081,
  "conn_state": "RSTR",
  "local_orig": false,
  "local_resp": false,
  "missed_bytes": 728,
  "history": "ShADaGdgfRr",
  "orig_pkts": 7,
  "orig_ip_bytes": 1083,
  "resp_pkts": 7,
  "resp_ip_bytes": 1441
}
{
  "ts": 1642050090.391169,
  "uid": "CyhXg46I8ydVV9Mqf",
  "id.orig_h": "61.73.180.35",
  "id.orig_p": 43358,
  "id.resp_h": "202.7.198.39",
  "id.resp_p": 22,
  "proto": "tcp",
  "duration": 0.3853719234466553,
  "orig_bytes": 711,
  "resp_bytes": 1097,
  "conn_state": "RSTR",
  "local_orig": false,
  "local_resp": false,
  "missed_bytes": 1784,
  "history": "ShADaGdgfRr",
  "orig_pkts": 7,
  "orig_ip_bytes": 1083,
  "resp_pkts": 6,
  "resp_ip_bytes": 1405
}
{
  "ts": 1642050090.392554,
  "uid": "C9Y3ld2znRi2cRDJf2",
  "id.orig_h": "61.73.180.35",
  "id.orig_p": 59904,
  "id.resp_h": "202.7.198.40",
  "id.resp_p": 22,
  "proto": "tcp",
  "duration": 1.3392589092254639,
  "orig_bytes": 711,
  "resp_bytes": 1097,
  "conn_state": "RSTR",
  "local_orig": false,
  "local_resp": false,
  "missed_bytes": 1784,
  "history": "ShADaGdgfRRr",
  "orig_pkts": 9,
  "orig_ip_bytes": 1183,
  "resp_pkts": 7,
  "resp_ip_bytes": 1465
}
{
  "ts": 1642050058.764631,
  "uid": "C7rwIojn837qYhzVi",
  "id.orig_h": "122.179.27.126",
  "id.orig_p": 42118,
  "id.resp_h": "133.250.13.212",
  "id.resp_p": 22,
  "proto": "tcp",
  "duration": 0.37661194801330566,
  "orig_bytes": 711,
  "resp_bytes": 1081,
  "conn_state": "RSTR",
  "local_orig": false,
  "local_resp": false,
  "missed_bytes": 1768,
  "history": "ShADdgTaGftRr",
  "orig_pkts": 10,
  "orig_ip_bytes": 1926,
  "resp_pkts": 7,
  "resp_ip_bytes": 1453
}
{
  "ts": 1642050086.835406,
  "uid": "CwrAzB4JDjdoPd1gSg",
  "id.orig_h": "122.179.27.60",
  "id.orig_p": 46390,
  "id.resp_h": "202.134.156.248",
  "id.resp_p": 22,
  "proto": "tcp",
  "duration": 19.903625965118408,
  "orig_bytes": 1479,
  "resp_bytes": 2189,
  "conn_state": "RSTR",
  "local_orig": false,
  "local_resp": false,
  "missed_bytes": 3628,
  "history": "ShADaGdgGgfRr",
  "orig_pkts": 24,
  "orig_ip_bytes": 2735,
  "resp_pkts": 24,
  "resp_ip_bytes": 3433
}
